{"contracts/KOTA.sol":{"l":{"75":24,"76":24,"81":0,"92":47,"94":47,"95":47,"107":33,"109":33,"110":33,"113":33,"114":33,"117":33,"118":33,"120":33,"121":33,"135":4,"136":4,"138":4,"142":4,"144":4,"145":4,"147":4,"154":7,"155":7,"157":7,"160":7,"161":7,"164":7,"165":7,"172":2,"175":1,"177":1,"179":1,"187":3,"194":2,"202":50,"210":2,"218":1,"228":4,"237":6,"246":3,"255":1,"264":1,"269":8,"271":8,"272":32,"273":32,"275":32,"278":32,"279":4,"280":4,"284":8,"285":8,"289":32,"291":32,"292":32,"293":32,"298":36,"299":36,"301":36,"302":36,"304":36,"305":36,"307":36,"311":4,"312":4,"314":4,"315":4},"path":"/Users/andy/workspace/cbfc/contracts/KOTA.sol","s":{"1":24,"2":24,"3":0,"4":47,"5":47,"6":33,"7":33,"8":33,"9":33,"10":33,"11":33,"12":33,"13":4,"14":4,"15":4,"16":4,"17":4,"18":4,"19":4,"20":7,"21":7,"22":7,"23":7,"24":7,"25":2,"26":1,"27":1,"28":1,"29":3,"30":2,"31":50,"32":2,"33":1,"34":4,"35":6,"36":3,"37":1,"38":1,"39":8,"40":8,"41":32,"42":32,"43":32,"44":32,"45":4,"46":4,"47":8,"48":8,"49":32,"50":32,"51":32,"52":32,"53":36,"54":36,"55":36,"56":36,"57":36,"58":4,"59":4,"60":4},"b":{"1":[33,0],"2":[33,0],"3":[4,0],"4":[4,0],"5":[7,0],"6":[7,0],"7":[1,1],"8":[8,0],"9":[4,28],"10":[32,0],"11":[36,0],"12":[36,0],"13":[4,0]},"f":{"1":24,"2":0,"3":47,"4":33,"5":4,"6":7,"7":2,"8":3,"9":2,"10":50,"11":2,"12":1,"13":4,"14":6,"15":3,"16":1,"17":1,"18":8,"19":32,"20":36,"21":4},"fnMap":{"1":{"name":null,"line":74,"loc":{"start":{"line":74,"column":2},"end":{"line":74,"column":50}}},"2":{"name":null,"line":80,"loc":{"start":{"line":80,"column":2},"end":{"line":80,"column":27}}},"3":{"name":"addBox","line":84,"loc":{"start":{"line":84,"column":2},"end":{"line":91,"column":35}}},"4":{"name":"addCardSet","line":98,"loc":{"start":{"line":98,"column":2},"end":{"line":106,"column":35}}},"5":{"name":"mint","line":130,"loc":{"start":{"line":130,"column":2},"end":{"line":134,"column":34}}},"6":{"name":"buyPack","line":153,"loc":{"start":{"line":153,"column":2},"end":{"line":153,"column":67}}},"7":{"name":"redeemPack","line":171,"loc":{"start":{"line":171,"column":2},"end":{"line":171,"column":62}}},"8":{"name":"tokensOf","line":186,"loc":{"start":{"line":186,"column":2},"end":{"line":186,"column":77}}},"9":{"name":"allBoxNumbers","line":193,"loc":{"start":{"line":193,"column":2},"end":{"line":193,"column":70}}},"10":{"name":"cardSetsInCirculation","line":201,"loc":{"start":{"line":201,"column":2},"end":{"line":201,"column":108}}},"11":{"name":"cardNumbersOf","line":209,"loc":{"start":{"line":209,"column":2},"end":{"line":209,"column":94}}},"12":{"name":"hasTokens","line":217,"loc":{"start":{"line":217,"column":2},"end":{"line":217,"column":67}}},"13":{"name":"addCredit","line":227,"loc":{"start":{"line":227,"column":2},"end":{"line":227,"column":79}}},"14":{"name":"creditsOf","line":236,"loc":{"start":{"line":236,"column":2},"end":{"line":236,"column":99}}},"15":{"name":"tokenURI","line":245,"loc":{"start":{"line":245,"column":2},"end":{"line":245,"column":66}}},"16":{"name":"setTokenBaseURI","line":254,"loc":{"start":{"line":254,"column":2},"end":{"line":254,"column":65}}},"17":{"name":"setDefaultBoxNumber","line":263,"loc":{"start":{"line":263,"column":2},"end":{"line":263,"column":76}}},"18":{"name":"_randomPack","line":267,"loc":{"start":{"line":267,"column":2},"end":{"line":267,"column":51}}},"19":{"name":"_randomCardSetIndex","line":288,"loc":{"start":{"line":288,"column":2},"end":{"line":288,"column":87}}},"20":{"name":"_mint","line":296,"loc":{"start":{"line":296,"column":2},"end":{"line":296,"column":64}}},"21":{"name":"_removeCardSetAtIndex","line":310,"loc":{"start":{"line":310,"column":2},"end":{"line":310,"column":77}}}},"statementMap":{"1":{"start":{"line":75,"column":4},"end":{"line":75,"column":36}},"2":{"start":{"line":76,"column":4},"end":{"line":76,"column":35}},"3":{"start":{"line":81,"column":4},"end":{"line":81,"column":28}},"4":{"start":{"line":92,"column":4},"end":{"line":92,"column":98}},"5":{"start":{"line":94,"column":4},"end":{"line":94,"column":39}},"6":{"start":{"line":107,"column":4},"end":{"line":107,"column":72}},"7":{"start":{"line":109,"column":4},"end":{"line":109,"column":55}},"8":{"start":{"line":110,"column":4},"end":{"line":110,"column":95}},"9":{"start":{"line":113,"column":4},"end":{"line":113,"column":125}},"10":{"start":{"line":114,"column":4},"end":{"line":114,"column":55}},"11":{"start":{"line":120,"column":4},"end":{"line":120,"column":106}},"12":{"start":{"line":121,"column":4},"end":{"line":121,"column":70}},"13":{"start":{"line":135,"column":4},"end":{"line":135,"column":55}},"14":{"start":{"line":136,"column":4},"end":{"line":136,"column":95}},"15":{"start":{"line":138,"column":4},"end":{"line":138,"column":67}},"16":{"start":{"line":142,"column":4},"end":{"line":142,"column":95}},"17":{"start":{"line":144,"column":4},"end":{"line":144,"column":103}},"18":{"start":{"line":145,"column":4},"end":{"line":145,"column":67}},"19":{"start":{"line":147,"column":4},"end":{"line":147,"column":22}},"20":{"start":{"line":154,"column":4},"end":{"line":154,"column":81}},"21":{"start":{"line":155,"column":4},"end":{"line":155,"column":104}},"22":{"start":{"line":157,"column":4},"end":{"line":157,"column":26}},"23":{"start":{"line":161,"column":4},"end":{"line":161,"column":65}},"24":{"start":{"line":165,"column":4},"end":{"line":165,"column":48}},"25":{"start":{"line":172,"column":4},"end":{"line":172,"column":65}},"26":{"start":{"line":175,"column":4},"end":{"line":175,"column":111}},"27":{"start":{"line":177,"column":4},"end":{"line":177,"column":26}},"28":{"start":{"line":179,"column":4},"end":{"line":179,"column":50}},"29":{"start":{"line":187,"column":4},"end":{"line":187,"column":30}},"30":{"start":{"line":194,"column":4},"end":{"line":194,"column":21}},"31":{"start":{"line":202,"column":4},"end":{"line":202,"column":59}},"32":{"start":{"line":210,"column":4},"end":{"line":210,"column":45}},"33":{"start":{"line":218,"column":4},"end":{"line":218,"column":41}},"34":{"start":{"line":228,"column":4},"end":{"line":228,"column":111}},"35":{"start":{"line":237,"column":4},"end":{"line":237,"column":60}},"36":{"start":{"line":246,"column":4},"end":{"line":246,"column":68}},"37":{"start":{"line":255,"column":4},"end":{"line":255,"column":29}},"38":{"start":{"line":264,"column":4},"end":{"line":264,"column":39}},"39":{"start":{"line":269,"column":4},"end":{"line":269,"column":67}},"40":{"start":{"line":271,"column":4},"end":{"line":271,"column":8866}},"41":{"start":{"line":272,"column":6},"end":{"line":272,"column":57}},"42":{"start":{"line":273,"column":6},"end":{"line":273,"column":82}},"43":{"start":{"line":275,"column":6},"end":{"line":275,"column":33}},"44":{"start":{"line":278,"column":6},"end":{"line":278,"column":9184}},"45":{"start":{"line":279,"column":8},"end":{"line":279,"column":48}},"46":{"start":{"line":280,"column":8},"end":{"line":280,"column":62}},"47":{"start":{"line":284,"column":4},"end":{"line":284,"column":141}},"48":{"start":{"line":285,"column":4},"end":{"line":285,"column":105}},"49":{"start":{"line":289,"column":4},"end":{"line":289,"column":22}},"50":{"start":{"line":291,"column":4},"end":{"line":291,"column":31}},"51":{"start":{"line":292,"column":4},"end":{"line":292,"column":98}},"52":{"start":{"line":293,"column":4},"end":{"line":293,"column":73}},"53":{"start":{"line":298,"column":4},"end":{"line":298,"column":81}},"54":{"start":{"line":299,"column":4},"end":{"line":299,"column":84}},"55":{"start":{"line":301,"column":4},"end":{"line":301,"column":43}},"56":{"start":{"line":302,"column":4},"end":{"line":302,"column":94}},"57":{"start":{"line":307,"column":4},"end":{"line":307,"column":74}},"58":{"start":{"line":311,"column":4},"end":{"line":311,"column":57}},"59":{"start":{"line":312,"column":4},"end":{"line":312,"column":31}},"60":{"start":{"line":314,"column":4},"end":{"line":314,"column":107}}},"branchMap":{"1":{"line":107,"type":"if","locations":[{"start":{"line":107,"column":4},"end":{"line":107,"column":4}},{"start":{"line":107,"column":4},"end":{"line":107,"column":4}}]},"2":{"line":110,"type":"if","locations":[{"start":{"line":110,"column":4},"end":{"line":110,"column":4}},{"start":{"line":110,"column":4},"end":{"line":110,"column":4}}]},"3":{"line":136,"type":"if","locations":[{"start":{"line":136,"column":4},"end":{"line":136,"column":4}},{"start":{"line":136,"column":4},"end":{"line":136,"column":4}}]},"4":{"line":142,"type":"if","locations":[{"start":{"line":142,"column":4},"end":{"line":142,"column":4}},{"start":{"line":142,"column":4},"end":{"line":142,"column":4}}]},"5":{"line":154,"type":"if","locations":[{"start":{"line":154,"column":4},"end":{"line":154,"column":4}},{"start":{"line":154,"column":4},"end":{"line":154,"column":4}}]},"6":{"line":155,"type":"if","locations":[{"start":{"line":155,"column":4},"end":{"line":155,"column":4}},{"start":{"line":155,"column":4},"end":{"line":155,"column":4}}]},"7":{"line":172,"type":"if","locations":[{"start":{"line":172,"column":4},"end":{"line":172,"column":4}},{"start":{"line":172,"column":4},"end":{"line":172,"column":4}}]},"8":{"line":269,"type":"if","locations":[{"start":{"line":269,"column":4},"end":{"line":269,"column":4}},{"start":{"line":269,"column":4},"end":{"line":269,"column":4}}]},"9":{"line":278,"type":"if","locations":[{"start":{"line":278,"column":6},"end":{"line":278,"column":6}},{"start":{"line":278,"column":6},"end":{"line":278,"column":6}}]},"10":{"line":289,"type":"if","locations":[{"start":{"line":289,"column":4},"end":{"line":289,"column":4}},{"start":{"line":289,"column":4},"end":{"line":289,"column":4}}]},"11":{"line":298,"type":"if","locations":[{"start":{"line":298,"column":4},"end":{"line":298,"column":4}},{"start":{"line":298,"column":4},"end":{"line":298,"column":4}}]},"12":{"line":299,"type":"if","locations":[{"start":{"line":299,"column":4},"end":{"line":299,"column":4}},{"start":{"line":299,"column":4},"end":{"line":299,"column":4}}]},"13":{"line":312,"type":"if","locations":[{"start":{"line":312,"column":4},"end":{"line":312,"column":4}},{"start":{"line":312,"column":4},"end":{"line":312,"column":4}}]}}},"contracts/Strings.sol":{"l":{"6":3,"7":3,"8":3,"9":3,"10":3,"11":3,"12":3,"13":3,"14":3,"15":3,"16":3,"17":3,"18":3,"19":3,"23":0,"27":0,"31":3},"path":"/Users/andy/workspace/cbfc/contracts/Strings.sol","s":{"1":3,"2":3,"3":3,"4":3,"5":3,"6":3,"7":3,"8":3,"9":3,"10":72,"11":3,"12":9,"13":3,"14":0,"15":3,"16":0,"17":3,"18":0,"19":3,"20":0,"21":0,"22":3},"b":{},"f":{"1":3,"2":0,"3":0,"4":3},"fnMap":{"1":{"name":"strConcat","line":5,"loc":{"start":{"line":5,"column":2},"end":{"line":5,"column":106}}},"2":{"name":"strConcat","line":22,"loc":{"start":{"line":22,"column":2},"end":{"line":22,"column":95}}},"3":{"name":"strConcat","line":26,"loc":{"start":{"line":26,"column":2},"end":{"line":26,"column":84}}},"4":{"name":"strConcat","line":30,"loc":{"start":{"line":30,"column":2},"end":{"line":30,"column":73}}}},"statementMap":{"1":{"start":{"line":6,"column":4},"end":{"line":6,"column":31}},"2":{"start":{"line":7,"column":4},"end":{"line":7,"column":31}},"3":{"start":{"line":8,"column":4},"end":{"line":8,"column":31}},"4":{"start":{"line":9,"column":4},"end":{"line":9,"column":31}},"5":{"start":{"line":10,"column":4},"end":{"line":10,"column":31}},"6":{"start":{"line":11,"column":4},"end":{"line":11,"column":99}},"7":{"start":{"line":12,"column":4},"end":{"line":12,"column":37}},"8":{"start":{"line":13,"column":4},"end":{"line":13,"column":13}},"9":{"start":{"line":14,"column":4},"end":{"line":14,"column":62}},"10":{"start":{"line":14,"column":42},"end":{"line":14,"column":61}},"11":{"start":{"line":15,"column":4},"end":{"line":15,"column":57}},"12":{"start":{"line":15,"column":37},"end":{"line":15,"column":56}},"13":{"start":{"line":16,"column":4},"end":{"line":16,"column":57}},"14":{"start":{"line":16,"column":37},"end":{"line":16,"column":56}},"15":{"start":{"line":17,"column":4},"end":{"line":17,"column":57}},"16":{"start":{"line":17,"column":37},"end":{"line":17,"column":56}},"17":{"start":{"line":18,"column":4},"end":{"line":18,"column":57}},"18":{"start":{"line":18,"column":37},"end":{"line":18,"column":56}},"19":{"start":{"line":19,"column":4},"end":{"line":19,"column":25}},"20":{"start":{"line":23,"column":4},"end":{"line":23,"column":40}},"21":{"start":{"line":27,"column":4},"end":{"line":27,"column":40}},"22":{"start":{"line":31,"column":4},"end":{"line":31,"column":40}}},"branchMap":{}}}