TN:
SF:/Users/andy/workspace/cbfc/contracts/KOTA.sol
FN:74,
FN:80,
FN:84,addBox
FN:98,addCardSet
FN:130,mint
FN:153,buyPack
FN:171,redeemPack
FN:186,tokensOf
FN:193,allBoxNumbers
FN:201,cardSetsInCirculation
FN:209,cardNumbersOf
FN:217,hasTokens
FN:227,addCredit
FN:236,creditsOf
FN:245,tokenURI
FN:254,setTokenBaseURI
FN:263,setDefaultBoxNumber
FN:267,_randomPack
FN:288,_randomCardSetIndex
FN:296,_mint
FN:310,_removeCardSetAtIndex
FNF:21
FNH:20
FNDA:24,
FNDA:0,
FNDA:47,addBox
FNDA:33,addCardSet
FNDA:4,mint
FNDA:7,buyPack
FNDA:2,redeemPack
FNDA:3,tokensOf
FNDA:2,allBoxNumbers
FNDA:50,cardSetsInCirculation
FNDA:2,cardNumbersOf
FNDA:1,hasTokens
FNDA:4,addCredit
FNDA:6,creditsOf
FNDA:3,tokenURI
FNDA:1,setTokenBaseURI
FNDA:1,setDefaultBoxNumber
FNDA:8,_randomPack
FNDA:32,_randomCardSetIndex
FNDA:36,_mint
FNDA:4,_removeCardSetAtIndex
DA:75,24
DA:76,24
DA:81,0
DA:92,47
DA:94,47
DA:95,47
DA:107,33
DA:109,33
DA:110,33
DA:113,33
DA:114,33
DA:117,33
DA:118,33
DA:120,33
DA:121,33
DA:135,4
DA:136,4
DA:138,4
DA:142,4
DA:144,4
DA:145,4
DA:147,4
DA:154,7
DA:155,7
DA:157,7
DA:160,7
DA:161,7
DA:164,7
DA:165,7
DA:172,2
DA:175,1
DA:177,1
DA:179,1
DA:187,3
DA:194,2
DA:202,50
DA:210,2
DA:218,1
DA:228,4
DA:237,6
DA:246,3
DA:255,1
DA:264,1
DA:269,8
DA:271,8
DA:272,32
DA:273,32
DA:275,32
DA:278,32
DA:279,4
DA:280,4
DA:284,8
DA:285,8
DA:289,32
DA:291,32
DA:292,32
DA:293,32
DA:298,36
DA:299,36
DA:301,36
DA:302,36
DA:304,36
DA:305,36
DA:307,36
DA:311,4
DA:312,4
DA:314,4
DA:315,4
LF:68
LH:67
BRDA:107,1,0,33
BRDA:107,1,1,0
BRDA:110,2,0,33
BRDA:110,2,1,0
BRDA:136,3,0,4
BRDA:136,3,1,0
BRDA:142,4,0,4
BRDA:142,4,1,0
BRDA:154,5,0,7
BRDA:154,5,1,0
BRDA:155,6,0,7
BRDA:155,6,1,0
BRDA:172,7,0,1
BRDA:172,7,1,1
BRDA:269,8,0,8
BRDA:269,8,1,0
BRDA:278,9,0,4
BRDA:278,9,1,28
BRDA:289,10,0,32
BRDA:289,10,1,0
BRDA:298,11,0,36
BRDA:298,11,1,0
BRDA:299,12,0,36
BRDA:299,12,1,0
BRDA:312,13,0,4
BRDA:312,13,1,0
BRF:26
BRH:15
end_of_record
TN:
SF:/Users/andy/workspace/cbfc/contracts/Strings.sol
FN:5,strConcat
FN:22,strConcat
FN:26,strConcat
FN:30,strConcat
FNF:4
FNH:2
FNDA:3,strConcat
FNDA:0,strConcat
FNDA:0,strConcat
FNDA:3,strConcat
DA:6,3
DA:7,3
DA:8,3
DA:9,3
DA:10,3
DA:11,3
DA:12,3
DA:13,3
DA:14,3
DA:15,3
DA:16,3
DA:17,3
DA:18,3
DA:19,3
DA:23,0
DA:27,0
DA:31,3
LF:17
LH:15
BRF:0
BRH:0
end_of_record
